<?xml version="1.0" encoding="UTF-8"?>
<!-- Generated by org.testng.reporters.JUnitXMLReporter -->
<testsuite ignored="2" hostname="QM-WIN-DJA" failures="0" tests="1" name="Default test" time="6.252" errors="0" timestamp="2022-04-15T23:48:59 CEST">
  <testcase classname="Testmethod.test" name="verifyApplicationTitle" time="0.138"/>
  <testcase classname="Testmethod.test" name="registration" time="0.0">
    <ignored/>
  </testcase> <!-- registration -->
  <testcase classname="Testmethod.test" name="verifyURL" time="0.0">
    <ignored/>
  </testcase> <!-- verifyURL -->
</testsuite> <!-- Default test -->
