<?xml version="1.0" encoding="UTF-8"?>
<testng-results ignored="2" total="3" passed="1" failed="0" skipped="0">
  <reporter-output>
  </reporter-output>
  <suite started-at="2022-04-15T23:48:53 CEST" name="Default suite" finished-at="2022-04-15T23:48:59 CEST" duration-ms="6252">
    <groups>
    </groups>
    <test started-at="2022-04-15T23:48:53 CEST" name="Default test" finished-at="2022-04-15T23:48:59 CEST" duration-ms="6252">
      <class name="Testmethod.test">
        <test-method is-config="true" signature="beforeTest()[pri:0, instance:Testmethod.test@49b0b76]" started-at="2022-04-15T23:48:53 CEST" name="beforeTest" finished-at="2022-04-15T23:48:59 CEST" duration-ms="5891" status="PASS">
          <reporter-output>
          </reporter-output>
        </test-method> <!-- beforeTest -->
        <test-method signature="verifyApplicationTitle()[pri:0, instance:Testmethod.test@49b0b76]" started-at="2022-04-15T23:48:59 CEST" name="verifyApplicationTitle" finished-at="2022-04-15T23:48:59 CEST" duration-ms="138" status="PASS">
          <reporter-output>
          </reporter-output>
        </test-method> <!-- verifyApplicationTitle -->
        <test-method is-config="true" signature="aftertest()[pri:0, instance:Testmethod.test@49b0b76]" started-at="2022-04-15T23:48:59 CEST" name="aftertest" finished-at="2022-04-15T23:48:59 CEST" duration-ms="195" status="PASS">
          <reporter-output>
          </reporter-output>
        </test-method> <!-- aftertest -->
      </class> <!-- Testmethod.test -->
    </test> <!-- Default test -->
  </suite> <!-- Default suite -->
</testng-results>
